/home/mlserver/adblocker/pyton/flask_backend/flaskapp/lib/python3.10/site-packages/transformers/models/clip/feature_extraction_clip.py:28: FutureWarning: The class CLIPFeatureExtractor is deprecated and will be removed in version 5 of Transformers. Please use CLIPImageProcessor instead.
  warnings.warn(
 * Serving Flask app 'clip_backend'
 * Debug mode: on
Address already in use
Port 5000 is in use by another program. Either identify and stop that program, or start the server with a different port.
/home/mlserver/adblocker/pyton/flask_backend/flaskapp/lib/python3.10/site-packages/transformers/models/clip/feature_extraction_clip.py:28: FutureWarning: The class CLIPFeatureExtractor is deprecated and will be removed in version 5 of Transformers. Please use CLIPImageProcessor instead.
  warnings.warn(
 * Serving Flask app 'clip_backend'
 * Debug mode: on
[31m[1mWARNING: This is a development server. Do not use it in a production deployment. Use a production WSGI server instead.[0m
 * Running on all addresses (0.0.0.0)
 * Running on http://127.0.0.1:5000
 * Running on http://192.168.69.207:5000
[33mPress CTRL+C to quit[0m
 * Restarting with stat
/home/mlserver/adblocker/pyton/flask_backend/flaskapp/lib/python3.10/site-packages/transformers/models/clip/feature_extraction_clip.py:28: FutureWarning: The class CLIPFeatureExtractor is deprecated and will be removed in version 5 of Transformers. Please use CLIPImageProcessor instead.
  warnings.warn(
 * Debugger is active!
 * Debugger PIN: 143-219-114
/home/mlserver/adblocker/pyton/flask_backend/flaskapp/lib/python3.10/site-packages/transformers/models/clip/feature_extraction_clip.py:28: FutureWarning: The class CLIPFeatureExtractor is deprecated and will be removed in version 5 of Transformers. Please use CLIPImageProcessor instead.
  warnings.warn(
 * Serving Flask app 'clip_backend'
 * Debug mode: on
[31m[1mWARNING: This is a development server. Do not use it in a production deployment. Use a production WSGI server instead.[0m
 * Running on all addresses (0.0.0.0)
 * Running on http://127.0.0.1:5000
 * Running on http://192.168.69.207:5000
[33mPress CTRL+C to quit[0m
 * Restarting with stat
/home/mlserver/adblocker/pyton/flask_backend/flaskapp/lib/python3.10/site-packages/transformers/models/clip/feature_extraction_clip.py:28: FutureWarning: The class CLIPFeatureExtractor is deprecated and will be removed in version 5 of Transformers. Please use CLIPImageProcessor instead.
  warnings.warn(
 * Debugger is active!
 * Debugger PIN: 143-219-114
 * Detected change in '/home/mlserver/adblocker/pyton/flask_backend/clip_backend.py', reloading
 * Restarting with stat
 * Debugger is active!
 * Debugger PIN: 143-219-114
